#
# There is insufficient memory for the Java Runtime Environment to continue.
# Native memory allocation (malloc) failed to allocate 1048576 bytes. Error detail: AllocateHeap
# Possible reasons:
#   The system is out of physical RAM or swap space
#   This process is running with CompressedOops enabled, and the Java Heap may be blocking the growth of the native heap
# Possible solutions:
#   Reduce memory load on the system
#   Increase physical memory or swap space
#   Check if swap backing store is full
#   Decrease Java heap size (-Xmx/-Xms)
#   Decrease number of Java threads
#   Decrease Java thread stack sizes (-Xss)
#   Set larger code cache with -XX:ReservedCodeCacheSize=
#   JVM is running with Unscaled Compressed Oops mode in which the Java heap is
#     placed in the first 4GB address space. The Java Heap base address is the
#     maximum limit for the native heap growth. Please use -XX:HeapBaseMinAddress
#     to set the Java Heap base and to place the Java Heap above 4GB virtual address.
# This output file may be truncated or incomplete.
#
#  Out of Memory Error (allocation.cpp:44), pid=14264, tid=61156
#
# JRE version: OpenJDK Runtime Environment Temurin-21.0.8+9 (21.0.8+9) (build 21.0.8+9-LTS)
# Java VM: OpenJDK 64-Bit Server VM Temurin-21.0.8+9 (21.0.8+9-LTS, mixed mode, sharing, tiered, compressed oops, compressed class ptrs, parallel gc, windows-amd64)
# No core dump will be written. Minidumps are not enabled by default on client versions of Windows
#

---------------  S U M M A R Y ------------

Command Line: --add-modules=ALL-SYSTEM --add-opens=java.base/java.util=ALL-UNNAMED --add-opens=java.base/java.lang=ALL-UNNAMED --add-opens=java.base/sun.nio.fs=ALL-UNNAMED -Declipse.application=org.eclipse.jdt.ls.core.id1 -Dosgi.bundles.defaultStartLevel=4 -Declipse.product=org.eclipse.jdt.ls.core.product -Djava.import.generatesMetadataFilesAtProjectRoot=false -DDetectVMInstallationsJob.disabled=true -Dfile.encoding=utf8 -XX:+UseParallelGC -XX:GCTimeRatio=4 -XX:AdaptiveSizePolicyWeight=90 -Dsun.zip.disableMemoryMapping=true -Xmx2G -Xms100m -Xlog:disable -javaagent:c:\Users\aarulfrancis\.vscode\extensions\redhat.java-1.46.0-win32-x64\lombok\lombok-1.18.39-4050.jar -XX:+HeapDumpOnOutOfMemoryError -XX:HeapDumpPath=c:\Users\aarulfrancis\AppData\Roaming\Code\User\workspaceStorage\8e589d8f512fbb4dfdcabd7b079d84dd\redhat.java -Daether.dependencyCollector.impl=bf c:\Users\aarulfrancis\.vscode\extensions\redhat.java-1.46.0-win32-x64\server\plugins\org.eclipse.equinox.launcher_1.7.0.v20250519-0528.jar -configuration c:\Users\aarulfrancis\AppData\Roaming\Code\User\globalStorage\redhat.java\1.46.0\config_win -data c:\Users\aarulfrancis\AppData\Roaming\Code\User\workspaceStorage\8e589d8f512fbb4dfdcabd7b079d84dd\redhat.java\jdt_ws --pipe=\\.\pipe\lsp-4788779772904d075cf87cdf57e5e84b-sock

Host: Intel(R) Core(TM) i5-10210U CPU @ 1.60GHz, 8 cores, 7G,  Windows 11 , 64 bit Build 26100 (10.0.26100.5074)
Time: Tue Oct 14 16:09:34 2025 India Standard Time elapsed time: 524.333314 seconds (0d 0h 8m 44s)

---------------  T H R E A D  ---------------

Current thread (0x0000024e706020d0):  JavaThread "Attach Listener" daemon [_thread_in_vm, id=61156, stack(0x000000a25d700000,0x000000a25d800000) (1024K)]

Stack: [0x000000a25d700000,0x000000a25d800000]
Native frames: (J=compiled Java code, j=interpreted, Vv=VM code, C=native code)
V  [jvm.dll+0x6d2449]
V  [jvm.dll+0x8ae341]
V  [jvm.dll+0x8b08be]
V  [jvm.dll+0x8b0fa3]
V  [jvm.dll+0x280c96]
V  [jvm.dll+0xc0347]
V  [jvm.dll+0x6d2cf9]
V  [jvm.dll+0x131116]
V  [jvm.dll+0x3f2d16]
V  [jvm.dll+0x857e6b]
V  [jvm.dll+0x6d0b0d]
C  [ucrtbase.dll+0x37b0]
C  [KERNEL32.DLL+0x2e8d7]
C  [ntdll.dll+0x8d9c]


---------------  P R O C E S S  ---------------

Threads class SMR info:
_java_thread_list=0x0000024e55106ed0, length=38, elements={
0x0000024e70685560, 0x0000024e705f9fd0, 0x0000024e705fa9f0, 0x0000024e706012d0,
0x0000024e706020d0, 0x0000024e70604000, 0x0000024e70609a40, 0x0000024e70611120,
0x0000024e706121a0, 0x0000024e7997a160, 0x0000024e79bafb90, 0x0000024e7e52c860,
0x0000024e7e390660, 0x0000024e7e4eaa60, 0x0000024e799c3ec0, 0x0000024e7eaef410,
0x0000024e7e83a120, 0x0000024e7ea42e90, 0x0000024e798bff00, 0x0000024e7ecc9470,
0x0000024e7ecc8750, 0x0000024e7ecc8de0, 0x0000024e51614010, 0x0000024e51617490,
0x0000024e516146a0, 0x0000024e516160e0, 0x0000024e51617b20, 0x0000024e51616e00,
0x0000024e516181b0, 0x0000024e51614d30, 0x0000024e51618840, 0x0000024e516153c0,
0x0000024e5161afa0, 0x0000024e516afed0, 0x0000024e516b3350, 0x0000024e516b4070,
0x0000024e516b4d90, 0x0000024e516af1b0
}

Java Threads: ( => current thread )
  0x0000024e70685560 JavaThread "main"                              [_thread_blocked, id=62344, stack(0x000000a25d000000,0x000000a25d100000) (1024K)]
  0x0000024e705f9fd0 JavaThread "Reference Handler"          daemon [_thread_blocked, id=23644, stack(0x000000a25d400000,0x000000a25d500000) (1024K)]
  0x0000024e705fa9f0 JavaThread "Finalizer"                  daemon [_thread_blocked, id=41452, stack(0x000000a25d500000,0x000000a25d600000) (1024K)]
  0x0000024e706012d0 JavaThread "Signal Dispatcher"          daemon [_thread_blocked, id=58504, stack(0x000000a25d600000,0x000000a25d700000) (1024K)]
=>0x0000024e706020d0 JavaThread "Attach Listener"            daemon [_thread_in_vm, id=61156, stack(0x000000a25d700000,0x000000a25d800000) (1024K)]
  0x0000024e70604000 JavaThread "Service Thread"             daemon [_thread_blocked, id=42276, stack(0x000000a25d800000,0x000000a25d900000) (1024K)]
  0x0000024e70609a40 JavaThread "Monitor Deflation Thread"   daemon [_thread_blocked, id=8728, stack(0x000000a25d900000,0x000000a25da00000) (1024K)]
  0x0000024e70611120 JavaThread "C2 CompilerThread0"         daemon [_thread_blocked, id=54460, stack(0x000000a25da00000,0x000000a25db00000) (1024K)]
  0x0000024e706121a0 JavaThread "C1 CompilerThread0"         daemon [_thread_blocked, id=45992, stack(0x000000a25db00000,0x000000a25dc00000) (1024K)]
  0x0000024e7997a160 JavaThread "Common-Cleaner"             daemon [_thread_blocked, id=65980, stack(0x000000a25dc00000,0x000000a25dd00000) (1024K)]
  0x0000024e79bafb90 JavaThread "Notification Thread"        daemon [_thread_blocked, id=12060, stack(0x000000a25dd00000,0x000000a25de00000) (1024K)]
  0x0000024e7e52c860 JavaThread "Active Thread: Equinox Container: bdd83e0e-2d85-491c-882a-9d2b70dcce30"        [_thread_blocked, id=50228, stack(0x000000a25e400000,0x000000a25e500000) (1024K)]
  0x0000024e7e390660 JavaThread "Refresh Thread: Equinox Container: bdd83e0e-2d85-491c-882a-9d2b70dcce30" daemon [_thread_blocked, id=37328, stack(0x000000a25e600000,0x000000a25e700000) (1024K)]
  0x0000024e7e4eaa60 JavaThread "Framework Event Dispatcher: Equinox Container: bdd83e0e-2d85-491c-882a-9d2b70dcce30" daemon [_thread_blocked, id=56372, stack(0x000000a25e700000,0x000000a25e800000) (1024K)]
  0x0000024e799c3ec0 JavaThread "Start Level: Equinox Container: bdd83e0e-2d85-491c-882a-9d2b70dcce30" daemon [_thread_blocked, id=9404, stack(0x000000a25e800000,0x000000a25e900000) (1024K)]
  0x0000024e7eaef410 JavaThread "Bundle File Closer"         daemon [_thread_blocked, id=45480, stack(0x000000a25e900000,0x000000a25ea00000) (1024K)]
  0x0000024e7e83a120 JavaThread "SCR Component Actor"        daemon [_thread_blocked, id=1336, stack(0x000000a25ea00000,0x000000a25eb00000) (1024K)]
  0x0000024e7ea42e90 JavaThread "Worker-JM"                         [_thread_blocked, id=5156, stack(0x000000a25eb00000,0x000000a25ec00000) (1024K)]
  0x0000024e798bff00 JavaThread "JNA Cleaner"                daemon [_thread_blocked, id=41188, stack(0x000000a25ec00000,0x000000a25ed00000) (1024K)]
  0x0000024e7ecc9470 JavaThread "Java indexing"              daemon [_thread_blocked, id=25980, stack(0x000000a25f100000,0x000000a25f200000) (1024K)]
  0x0000024e7ecc8750 JavaThread "Thread-1"                   daemon [_thread_in_native, id=50180, stack(0x000000a25f600000,0x000000a25f700000) (1024K)]
  0x0000024e7ecc8de0 JavaThread "Thread-2"                   daemon [_thread_in_native, id=46164, stack(0x000000a25f700000,0x000000a25f800000) (1024K)]
  0x0000024e51614010 JavaThread "Thread-3"                   daemon [_thread_in_native, id=62292, stack(0x000000a25f800000,0x000000a25f900000) (1024K)]
  0x0000024e51617490 JavaThread "Thread-4"                   daemon [_thread_in_native, id=8336, stack(0x000000a25f900000,0x000000a25fa00000) (1024K)]
  0x0000024e516146a0 JavaThread "Thread-5"                   daemon [_thread_in_native, id=36676, stack(0x000000a25fa00000,0x000000a25fb00000) (1024K)]
  0x0000024e516160e0 JavaThread "Thread-6"                   daemon [_thread_in_native, id=35248, stack(0x000000a25fb00000,0x000000a25fc00000) (1024K)]
  0x0000024e51617b20 JavaThread "Thread-7"                   daemon [_thread_in_native, id=56148, stack(0x000000a25fc00000,0x000000a25fd00000) (1024K)]
  0x0000024e51616e00 JavaThread "Thread-8"                   daemon [_thread_in_native, id=38656, stack(0x000000a25fd00000,0x000000a25fe00000) (1024K)]
  0x0000024e516181b0 JavaThread "Thread-9"                   daemon [_thread_in_native, id=54528, stack(0x000000a25fe00000,0x000000a25ff00000) (1024K)]
  0x0000024e51614d30 JavaThread "pool-2-thread-1"                   [_thread_blocked, id=54240, stack(0x000000a25ff00000,0x000000a260000000) (1024K)]
  0x0000024e51618840 JavaThread "WorkspaceEventsHandler"            [_thread_blocked, id=18036, stack(0x000000a260000000,0x000000a260100000) (1024K)]
  0x0000024e516153c0 JavaThread "pool-1-thread-1"                   [_thread_blocked, id=53952, stack(0x000000a260100000,0x000000a260200000) (1024K)]
  0x0000024e5161afa0 JavaThread "LocalFile Deleter"          daemon [_thread_blocked, id=21008, stack(0x000000a260400000,0x000000a260500000) (1024K)]
  0x0000024e516afed0 JavaThread "ForkJoinPool.commonPool-worker-3" daemon [_thread_blocked, id=56492, stack(0x000000a261b00000,0x000000a261c00000) (1024K)]
  0x0000024e516b3350 JavaThread "ForkJoinPool.commonPool-worker-7" daemon [_thread_blocked, id=29736, stack(0x000000a261f00000,0x000000a262000000) (1024K)]
  0x0000024e516b4070 JavaThread "Worker-5"                          [_thread_blocked, id=20316, stack(0x000000a261400000,0x000000a261500000) (1024K)]
  0x0000024e516b4d90 JavaThread "Cleaner-0"                  daemon [_thread_blocked, id=44856, stack(0x000000a25cd00000,0x000000a25ce00000) (1024K)]
  0x0000024e516af1b0 JavaThread "Worker-6"                          [_thread_blocked, id=53440, stack(0x000000a25ef00000,0x000000a25f000000) (1024K)]
Total: 38

Other Threads:
  0x0000024e70729950 VMThread "VM Thread"                           [id=1300, stack(0x000000a25d300000,0x000000a25d400000) (1024K)]
  0x0000024e7050ca00 WatcherThread "VM Periodic Task Thread"        [id=12260, stack(0x000000a25d200000,0x000000a25d300000) (1024K)]
  0x0000024e706a3aa0 WorkerThread "GC Thread#0"                     [id=9320, stack(0x000000a25d100000,0x000000a25d200000) (1024K)]
  0x0000024e7e1bde80 WorkerThread "GC Thread#1"                     [id=58704, stack(0x000000a25de00000,0x000000a25df00000) (1024K)]
  0x0000024e7e1be220 WorkerThread "GC Thread#2"                     [id=12932, stack(0x000000a25df00000,0x000000a25e000000) (1024K)]
  0x0000024e79c7ac40 WorkerThread "GC Thread#3"                     [id=52876, stack(0x000000a25e000000,0x000000a25e100000) (1024K)]
  0x0000024e79c7afe0 WorkerThread "GC Thread#4"                     [id=30584, stack(0x000000a25e100000,0x000000a25e200000) (1024K)]
  0x0000024e7e20d7d0 WorkerThread "GC Thread#5"                     [id=16324, stack(0x000000a25e200000,0x000000a25e300000) (1024K)]
  0x0000024e7e20db70 WorkerThread "GC Thread#6"                     [id=43424, stack(0x000000a25e300000,0x000000a25e400000) (1024K)]
  0x0000024e7e4cb800 WorkerThread "GC Thread#7"                     [id=15148, stack(0x000000a25e500000,0x000000a25e600000) (1024K)]
Total: 10

Threads with active compile tasks:
Total: 0

VM state: not at safepoint (normal execution)

VM Mutex/Monitor currently owned by a thread: None

Heap address: 0x0000000080000000, size: 2048 MB, Compressed Oops mode: 32-bit

CDS archive(s) mapped at: [0x0000024e0f000000-0x0000024e0fba0000-0x0000024e0fba0000), size 12189696, SharedBaseAddress: 0x0000024e0f000000, ArchiveRelocationMode: 1.
Compressed class space mapped at: 0x0000024e10000000-0x0000024e50000000, reserved size: 1073741824
Narrow klass base: 0x0000024e0f000000, Narrow klass shift: 0, Narrow klass range: 0x100000000

GC Precious Log:
 CardTable entry size: 512
 CPUs: 8 total, 8 available
 Memory: 7952M
 Large Page Support: Disabled
 NUMA Support: Disabled
 Compressed Oops: Enabled (32-bit)
 Alignments: Space 512K, Generation 512K, Heap 2M
 Heap Min Capacity: 100M
 Heap Initial Capacity: 100M
 Heap Max Capacity: 2G
 Pre-touch: Disabled
 Parallel Workers: 8

Heap:
 PSYoungGen      total 21504K, used 4497K [0x00000000d5580000, 0x00000000d6d80000, 0x0000000100000000)
  eden space 20480K, 18% used [0x00000000d5580000,0x00000000d594c770,0x00000000d6980000)
  from space 1024K, 59% used [0x00000000d6c80000,0x00000000d6d18000,0x00000000d6d80000)
  to   space 1536K, 0% used [0x00000000d6a80000,0x00000000d6a80000,0x00000000d6c00000)
 ParOldGen       total 128000K, used 127509K [0x0000000080000000, 0x0000000087d00000, 0x00000000d5580000)
  object space 128000K, 99% used [0x0000000080000000,0x0000000087c856a0,0x0000000087d00000)
 Metaspace       used 74292K, committed 75904K, reserved 1179648K
  class space    used 7529K, committed 8192K, reserved 1048576K

Card table byte_map: [0x0000024e70020000,0x0000024e70430000] _byte_map_base: 0x0000024e6fc20000

Marking Bits: (ParMarkBitMap*) 0x00007ffc5701a340
 Begin Bits: [0x0000024e73b20000, 0x0000024e75b20000)
 End Bits:   [0x0000024e75b20000, 0x0000024e77b20000)

Polling page: 0x0000024e6e610000

Metaspace:

Usage:
  Non-class:     65.20 MB used.
      Class:      7.35 MB used.
       Both:     72.55 MB used.

Virtual space:
  Non-class space:      128.00 MB reserved,      66.12 MB ( 52%) committed,  2 nodes.
      Class space:        1.00 GB reserved,       8.00 MB ( <1%) committed,  1 nodes.
             Both:        1.12 GB reserved,      74.12 MB (  6%) committed. 

Chunk freelists:
   Non-Class:  13.79 MB
       Class:  7.84 MB
        Both:  21.63 MB

MaxMetaspaceSize: unlimited
CompressedClassSpaceSize: 1.00 GB
Initial GC threshold: 21.00 MB
Current GC threshold: 97.31 MB
CDS: on
 - commit_granule_bytes: 65536.
 - commit_granule_words: 8192.
 - virtual_space_node_default_size: 8388608.
 - enlarge_chunks_in_place: 1.
 - use_allocation_guard: 0.


Internal statistics:

num_allocs_failed_limit: 9.
num_arena_births: 1400.
num_arena_deaths: 16.
num_vsnodes_births: 3.
num_vsnodes_deaths: 0.
num_space_committed: 1186.
num_space_uncommitted: 0.
num_chunks_returned_to_freelist: 25.
num_chunks_taken_from_freelist: 5025.
num_chunk_merges: 12.
num_chunk_splits: 3043.
num_chunks_enlarged: 1685.
num_inconsistent_stats: 0.

CodeHeap 'non-profiled nmethods': size=120000Kb used=13114Kb max_used=13114Kb free=106885Kb
 bounds [0x0000024e07ad0000, 0x0000024e087a0000, 0x0000024e0f000000]
CodeHeap 'profiled nmethods': size=120000Kb used=37453Kb max_used=37453Kb free=82546Kb
 bounds [0x0000024e00000000, 0x0000024e024a0000, 0x0000024e07530000]
CodeHeap 'non-nmethods': size=5760Kb used=1467Kb max_used=1556Kb free=4292Kb
 bounds [0x0000024e07530000, 0x0000024e077a0000, 0x0000024e07ad0000]
CodeCache: size=245760Kb, used=52034Kb, max_used=52123Kb, free=193723Kb
 total_blobs=15965, nmethods=15177, adapters=692, full_count=0
Compilation: enabled, stopped_count=0, restarted_count=0

Compilation events (20 events):
Event: 342.371 Thread 0x0000024e706121a0 nmethod 16026 0x0000024e02488c90 code [0x0000024e02488e40, 0x0000024e02488fd8]
Event: 342.371 Thread 0x0000024e706121a0 16030       3       org.eclipse.core.internal.resources.MarkerWriter::snap (153 bytes)
Event: 342.381 Thread 0x0000024e706121a0 nmethod 16030 0x0000024e02489090 code [0x0000024e02489480, 0x0000024e0248b258]
Event: 342.381 Thread 0x0000024e706121a0 16029       3       org.eclipse.core.internal.resources.MarkerManager::snap (11 bytes)
Event: 342.381 Thread 0x0000024e706121a0 nmethod 16029 0x0000024e0248be10 code [0x0000024e0248bfc0, 0x0000024e0248c108]
Event: 342.381 Thread 0x0000024e706121a0 16028       3       org.eclipse.core.internal.resources.Synchronizer::snapSyncInfo (11 bytes)
Event: 342.383 Thread 0x0000024e706121a0 nmethod 16028 0x0000024e0248c210 code [0x0000024e0248c3c0, 0x0000024e0248c508]
Event: 342.383 Thread 0x0000024e706121a0 16031       3       org.eclipse.core.internal.resources.SyncInfoWriter::snapSyncInfo (157 bytes)
Event: 342.396 Thread 0x0000024e706121a0 nmethod 16031 0x0000024e0248c610 code [0x0000024e0248cb00, 0x0000024e0248f5c0]
Event: 342.396 Thread 0x0000024e706121a0 16027   !   3       org.eclipse.core.internal.resources.SaveManager::lambda$11 (132 bytes)
Event: 342.398 Thread 0x0000024e706121a0 nmethod 16027 0x0000024e02490410 code [0x0000024e02490640, 0x0000024e02490df0]
Event: 342.454 Thread 0x0000024e70611120 nmethod 16024 0x0000024e0879ce10 code [0x0000024e0879d000, 0x0000024e0879e178]
Event: 343.003 Thread 0x0000024e70611120 16032 %     4       java.util.Arrays::fill @ 5 (21 bytes)
Event: 343.013 Thread 0x0000024e70611120 nmethod 16032% 0x0000024e0879e710 code [0x0000024e0879e8a0, 0x0000024e0879ea70]
Event: 416.621 Thread 0x0000024e706121a0 16033       3       java.util.IdentityHashMap$KeyIterator::next (13 bytes)
Event: 416.636 Thread 0x0000024e706121a0 nmethod 16033 0x0000024e02491310 code [0x0000024e024914e0, 0x0000024e02491780]
Event: 416.636 Thread 0x0000024e706121a0 16034       3       java.util.IdentityHashMap$IdentityHashMapIterator::nextIndex (72 bytes)
Event: 416.649 Thread 0x0000024e706121a0 nmethod 16034 0x0000024e02491890 code [0x0000024e02491a80, 0x0000024e02491eb8]
Event: 432.493 Thread 0x0000024e706121a0 16036       3       java.util.concurrent.locks.AbstractQueuedSynchronizer$ConditionObject::awaitNanos (207 bytes)
Event: 432.573 Thread 0x0000024e706121a0 nmethod 16036 0x0000024e02492090 code [0x0000024e02492380, 0x0000024e024931f0]

GC Heap History (20 events):
Event: 163.834 GC heap before
{Heap before GC invocations=122 (full 3):
 PSYoungGen      total 20992K, used 20975K [0x00000000d5580000, 0x00000000d7000000, 0x0000000100000000)
  eden space 20480K, 100% used [0x00000000d5580000,0x00000000d6980000,0x00000000d6980000)
  from space 512K, 96% used [0x00000000d6f80000,0x00000000d6ffbd20,0x00000000d7000000)
  to   space 2560K, 0% used [0x00000000d6b00000,0x00000000d6b00000,0x00000000d6d80000)
 ParOldGen       total 119808K, used 119657K [0x0000000080000000, 0x0000000087500000, 0x00000000d5580000)
  object space 119808K, 99% used [0x0000000080000000,0x00000000874da410,0x0000000087500000)
 Metaspace       used 71712K, committed 73280K, reserved 1114112K
  class space    used 7265K, committed 7936K, reserved 1048576K
}
Event: 163.850 GC heap after
{Heap after GC invocations=122 (full 3):
 PSYoungGen      total 23040K, used 1594K [0x00000000d5580000, 0x00000000d7000000, 0x0000000100000000)
  eden space 20480K, 0% used [0x00000000d5580000,0x00000000d5580000,0x00000000d6980000)
  from space 2560K, 62% used [0x00000000d6b00000,0x00000000d6c8eb90,0x00000000d6d80000)
  to   space 2048K, 0% used [0x00000000d6e00000,0x00000000d6e00000,0x00000000d7000000)
 ParOldGen       total 120320K, used 120176K [0x0000000080000000, 0x0000000087580000, 0x00000000d5580000)
  object space 120320K, 99% used [0x0000000080000000,0x000000008755c130,0x0000000087580000)
 Metaspace       used 71712K, committed 73280K, reserved 1114112K
  class space    used 7265K, committed 7936K, reserved 1048576K
}
Event: 164.106 GC heap before
{Heap before GC invocations=123 (full 3):
 PSYoungGen      total 23040K, used 22074K [0x00000000d5580000, 0x00000000d7000000, 0x0000000100000000)
  eden space 20480K, 100% used [0x00000000d5580000,0x00000000d6980000,0x00000000d6980000)
  from space 2560K, 62% used [0x00000000d6b00000,0x00000000d6c8eb90,0x00000000d6d80000)
  to   space 2048K, 0% used [0x00000000d6e00000,0x00000000d6e00000,0x00000000d7000000)
 ParOldGen       total 120320K, used 120176K [0x0000000080000000, 0x0000000087580000, 0x00000000d5580000)
  object space 120320K, 99% used [0x0000000080000000,0x000000008755c130,0x0000000087580000)
 Metaspace       used 72380K, committed 73984K, reserved 1179648K
  class space    used 7341K, committed 8000K, reserved 1048576K
}
Event: 164.114 GC heap after
{Heap after GC invocations=123 (full 3):
 PSYoungGen      total 21504K, used 714K [0x00000000d5580000, 0x00000000d6f00000, 0x0000000100000000)
  eden space 20480K, 0% used [0x00000000d5580000,0x00000000d5580000,0x00000000d6980000)
  from space 1024K, 69% used [0x00000000d6e00000,0x00000000d6eb2b80,0x00000000d6f00000)
  to   space 1536K, 0% used [0x00000000d6c00000,0x00000000d6c00000,0x00000000d6d80000)
 ParOldGen       total 121344K, used 120839K [0x0000000080000000, 0x0000000087680000, 0x00000000d5580000)
  object space 121344K, 99% used [0x0000000080000000,0x0000000087601d18,0x0000000087680000)
 Metaspace       used 72380K, committed 73984K, reserved 1179648K
  class space    used 7341K, committed 8000K, reserved 1048576K
}
Event: 165.020 GC heap before
{Heap before GC invocations=124 (full 3):
 PSYoungGen      total 21504K, used 21194K [0x00000000d5580000, 0x00000000d6f00000, 0x0000000100000000)
  eden space 20480K, 100% used [0x00000000d5580000,0x00000000d6980000,0x00000000d6980000)
  from space 1024K, 69% used [0x00000000d6e00000,0x00000000d6eb2b80,0x00000000d6f00000)
  to   space 1536K, 0% used [0x00000000d6c00000,0x00000000d6c00000,0x00000000d6d80000)
 ParOldGen       total 121344K, used 120839K [0x0000000080000000, 0x0000000087680000, 0x00000000d5580000)
  object space 121344K, 99% used [0x0000000080000000,0x0000000087601d18,0x0000000087680000)
 Metaspace       used 72664K, committed 74176K, reserved 1179648K
  class space    used 7362K, committed 8000K, reserved 1048576K
}
Event: 165.027 GC heap after
{Heap after GC invocations=124 (full 3):
 PSYoungGen      total 22016K, used 564K [0x00000000d5580000, 0x00000000d6e80000, 0x0000000100000000)
  eden space 20480K, 0% used [0x00000000d5580000,0x00000000d5580000,0x00000000d6980000)
  from space 1536K, 36% used [0x00000000d6c00000,0x00000000d6c8d200,0x00000000d6d80000)
  to   space 1024K, 0% used [0x00000000d6d80000,0x00000000d6d80000,0x00000000d6e80000)
 ParOldGen       total 121344K, used 120957K [0x0000000080000000, 0x0000000087680000, 0x00000000d5580000)
  object space 121344K, 99% used [0x0000000080000000,0x000000008761f688,0x0000000087680000)
 Metaspace       used 72664K, committed 74176K, reserved 1179648K
  class space    used 7362K, committed 8000K, reserved 1048576K
}
Event: 165.451 GC heap before
{Heap before GC invocations=125 (full 3):
 PSYoungGen      total 22016K, used 21044K [0x00000000d5580000, 0x00000000d6e80000, 0x0000000100000000)
  eden space 20480K, 100% used [0x00000000d5580000,0x00000000d6980000,0x00000000d6980000)
  from space 1536K, 36% used [0x00000000d6c00000,0x00000000d6c8d200,0x00000000d6d80000)
  to   space 1024K, 0% used [0x00000000d6d80000,0x00000000d6d80000,0x00000000d6e80000)
 ParOldGen       total 121344K, used 120957K [0x0000000080000000, 0x0000000087680000, 0x00000000d5580000)
  object space 121344K, 99% used [0x0000000080000000,0x000000008761f688,0x0000000087680000)
 Metaspace       used 72670K, committed 74176K, reserved 1179648K
  class space    used 7362K, committed 8000K, reserved 1048576K
}
Event: 165.461 GC heap after
{Heap after GC invocations=125 (full 3):
 PSYoungGen      total 21504K, used 1012K [0x00000000d5580000, 0x00000000d6e80000, 0x0000000100000000)
  eden space 20480K, 0% used [0x00000000d5580000,0x00000000d5580000,0x00000000d6980000)
  from space 1024K, 98% used [0x00000000d6d80000,0x00000000d6e7d200,0x00000000d6e80000)
  to   space 2048K, 0% used [0x00000000d6a80000,0x00000000d6a80000,0x00000000d6c80000)
 ParOldGen       total 121856K, used 121513K [0x0000000080000000, 0x0000000087700000, 0x00000000d5580000)
  object space 121856K, 99% used [0x0000000080000000,0x00000000876aa7c0,0x0000000087700000)
 Metaspace       used 72670K, committed 74176K, reserved 1179648K
  class space    used 7362K, committed 8000K, reserved 1048576K
}
Event: 166.064 GC heap before
{Heap before GC invocations=126 (full 3):
 PSYoungGen      total 21504K, used 21492K [0x00000000d5580000, 0x00000000d6e80000, 0x0000000100000000)
  eden space 20480K, 100% used [0x00000000d5580000,0x00000000d6980000,0x00000000d6980000)
  from space 1024K, 98% used [0x00000000d6d80000,0x00000000d6e7d200,0x00000000d6e80000)
  to   space 2048K, 0% used [0x00000000d6a80000,0x00000000d6a80000,0x00000000d6c80000)
 ParOldGen       total 121856K, used 121513K [0x0000000080000000, 0x0000000087700000, 0x00000000d5580000)
  object space 121856K, 99% used [0x0000000080000000,0x00000000876aa7c0,0x0000000087700000)
 Metaspace       used 72716K, committed 74304K, reserved 1179648K
  class space    used 7364K, committed 8064K, reserved 1048576K
}
Event: 166.070 GC heap after
{Heap after GC invocations=126 (full 3):
 PSYoungGen      total 22528K, used 2031K [0x00000000d5580000, 0x00000000d7180000, 0x0000000100000000)
  eden space 20480K, 0% used [0x00000000d5580000,0x00000000d5580000,0x00000000d6980000)
  from space 2048K, 99% used [0x00000000d6a80000,0x00000000d6c7bd70,0x00000000d6c80000)
  to   space 4096K, 0% used [0x00000000d6d80000,0x00000000d6d80000,0x00000000d7180000)
 ParOldGen       total 123392K, used 122958K [0x0000000080000000, 0x0000000087880000, 0x00000000d5580000)
  object space 123392K, 99% used [0x0000000080000000,0x0000000087813a10,0x0000000087880000)
 Metaspace       used 72716K, committed 74304K, reserved 1179648K
  class space    used 7364K, committed 8064K, reserved 1048576K
}
Event: 166.536 GC heap before
{Heap before GC invocations=127 (full 3):
 PSYoungGen      total 22528K, used 22511K [0x00000000d5580000, 0x00000000d7180000, 0x0000000100000000)
  eden space 20480K, 100% used [0x00000000d5580000,0x00000000d6980000,0x00000000d6980000)
  from space 2048K, 99% used [0x00000000d6a80000,0x00000000d6c7bd70,0x00000000d6c80000)
  to   space 4096K, 0% used [0x00000000d6d80000,0x00000000d6d80000,0x00000000d7180000)
 ParOldGen       total 123392K, used 122958K [0x0000000080000000, 0x0000000087880000, 0x00000000d5580000)
  object space 123392K, 99% used [0x0000000080000000,0x0000000087813a10,0x0000000087880000)
 Metaspace       used 72811K, committed 74368K, reserved 1179648K
  class space    used 7380K, committed 8064K, reserved 1048576K
}
Event: 166.545 GC heap after
{Heap after GC invocations=127 (full 3):
 PSYoungGen      total 23040K, used 2107K [0x00000000d5580000, 0x00000000d7000000, 0x0000000100000000)
  eden space 20480K, 0% used [0x00000000d5580000,0x00000000d5580000,0x00000000d6980000)
  from space 2560K, 82% used [0x00000000d6d80000,0x00000000d6f8ee00,0x00000000d7000000)
  to   space 3072K, 0% used [0x00000000d6a00000,0x00000000d6a00000,0x00000000d6d00000)
 ParOldGen       total 124928K, used 124920K [0x0000000080000000, 0x0000000087a00000, 0x00000000d5580000)
  object space 124928K, 99% used [0x0000000080000000,0x00000000879fe390,0x0000000087a00000)
 Metaspace       used 72811K, committed 74368K, reserved 1179648K
  class space    used 7380K, committed 8064K, reserved 1048576K
}
Event: 166.746 GC heap before
{Heap before GC invocations=128 (full 3):
 PSYoungGen      total 23040K, used 22587K [0x00000000d5580000, 0x00000000d7000000, 0x0000000100000000)
  eden space 20480K, 100% used [0x00000000d5580000,0x00000000d6980000,0x00000000d6980000)
  from space 2560K, 82% used [0x00000000d6d80000,0x00000000d6f8ee00,0x00000000d7000000)
  to   space 3072K, 0% used [0x00000000d6a00000,0x00000000d6a00000,0x00000000d6d00000)
 ParOldGen       total 124928K, used 124920K [0x0000000080000000, 0x0000000087a00000, 0x00000000d5580000)
  object space 124928K, 99% used [0x0000000080000000,0x00000000879fe390,0x0000000087a00000)
 Metaspace       used 73150K, committed 74688K, reserved 1179648K
  class space    used 7410K, committed 8064K, reserved 1048576K
}
Event: 166.749 GC heap after
{Heap after GC invocations=128 (full 3):
 PSYoungGen      total 22016K, used 1241K [0x00000000d5580000, 0x00000000d6e00000, 0x0000000100000000)
  eden space 20480K, 0% used [0x00000000d5580000,0x00000000d5580000,0x00000000d6980000)
  from space 1536K, 80% used [0x00000000d6a00000,0x00000000d6b36410,0x00000000d6b80000)
  to   space 2048K, 0% used [0x00000000d6c00000,0x00000000d6c00000,0x00000000d6e00000)
 ParOldGen       total 125440K, used 125269K [0x0000000080000000, 0x0000000087a80000, 0x00000000d5580000)
  object space 125440K, 99% used [0x0000000080000000,0x0000000087a55490,0x0000000087a80000)
 Metaspace       used 73150K, committed 74688K, reserved 1179648K
  class space    used 7410K, committed 8064K, reserved 1048576K
}
Event: 167.159 GC heap before
{Heap before GC invocations=129 (full 3):
 PSYoungGen      total 22016K, used 21721K [0x00000000d5580000, 0x00000000d6e00000, 0x0000000100000000)
  eden space 20480K, 100% used [0x00000000d5580000,0x00000000d6980000,0x00000000d6980000)
  from space 1536K, 80% used [0x00000000d6a00000,0x00000000d6b36410,0x00000000d6b80000)
  to   space 2048K, 0% used [0x00000000d6c00000,0x00000000d6c00000,0x00000000d6e00000)
 ParOldGen       total 125440K, used 125269K [0x0000000080000000, 0x0000000087a80000, 0x00000000d5580000)
  object space 125440K, 99% used [0x0000000080000000,0x0000000087a55490,0x0000000087a80000)
 Metaspace       used 73367K, committed 74944K, reserved 1179648K
  class space    used 7428K, committed 8128K, reserved 1048576K
}
Event: 167.168 GC heap after
{Heap after GC invocations=129 (full 3):
 PSYoungGen      total 22016K, used 1378K [0x00000000d5580000, 0x00000000d6d80000, 0x0000000100000000)
  eden space 20480K, 0% used [0x00000000d5580000,0x00000000d5580000,0x00000000d6980000)
  from space 1536K, 89% used [0x00000000d6c00000,0x00000000d6d58b00,0x00000000d6d80000)
  to   space 1536K, 0% used [0x00000000d6a00000,0x00000000d6a00000,0x00000000d6b80000)
 ParOldGen       total 125952K, used 125541K [0x0000000080000000, 0x0000000087b00000, 0x00000000d5580000)
  object space 125952K, 99% used [0x0000000080000000,0x0000000087a99490,0x0000000087b00000)
 Metaspace       used 73367K, committed 74944K, reserved 1179648K
  class space    used 7428K, committed 8128K, reserved 1048576K
}
Event: 167.433 GC heap before
{Heap before GC invocations=130 (full 3):
 PSYoungGen      total 22016K, used 21858K [0x00000000d5580000, 0x00000000d6d80000, 0x0000000100000000)
  eden space 20480K, 100% used [0x00000000d5580000,0x00000000d6980000,0x00000000d6980000)
  from space 1536K, 89% used [0x00000000d6c00000,0x00000000d6d58b00,0x00000000d6d80000)
  to   space 1536K, 0% used [0x00000000d6a00000,0x00000000d6a00000,0x00000000d6b80000)
 ParOldGen       total 125952K, used 125541K [0x0000000080000000, 0x0000000087b00000, 0x00000000d5580000)
  object space 125952K, 99% used [0x0000000080000000,0x0000000087a99490,0x0000000087b00000)
 Metaspace       used 73454K, committed 75072K, reserved 1179648K
  class space    used 7436K, committed 8128K, reserved 1048576K
}
Event: 167.444 GC heap after
{Heap after GC invocations=130 (full 3):
 PSYoungGen      total 22016K, used 1530K [0x00000000d5580000, 0x00000000d6f80000, 0x0000000100000000)
  eden space 20480K, 0% used [0x00000000d5580000,0x00000000d5580000,0x00000000d6980000)
  from space 1536K, 99% used [0x00000000d6a00000,0x00000000d6b7eb70,0x00000000d6b80000)
  to   space 3072K, 0% used [0x00000000d6c80000,0x00000000d6c80000,0x00000000d6f80000)
 ParOldGen       total 126976K, used 126694K [0x0000000080000000, 0x0000000087c00000, 0x00000000d5580000)
  object space 126976K, 99% used [0x0000000080000000,0x0000000087bb9b90,0x0000000087c00000)
 Metaspace       used 73454K, committed 75072K, reserved 1179648K
  class space    used 7436K, committed 8128K, reserved 1048576K
}
Event: 170.211 GC heap before
{Heap before GC invocations=131 (full 3):
 PSYoungGen      total 22016K, used 22010K [0x00000000d5580000, 0x00000000d6f80000, 0x0000000100000000)
  eden space 20480K, 100% used [0x00000000d5580000,0x00000000d6980000,0x00000000d6980000)
  from space 1536K, 99% used [0x00000000d6a00000,0x00000000d6b7eb70,0x00000000d6b80000)
  to   space 3072K, 0% used [0x00000000d6c80000,0x00000000d6c80000,0x00000000d6f80000)
 ParOldGen       total 126976K, used 126694K [0x0000000080000000, 0x0000000087c00000, 0x00000000d5580000)
  object space 126976K, 99% used [0x0000000080000000,0x0000000087bb9b90,0x0000000087c00000)
 Metaspace       used 73988K, committed 75712K, reserved 1179648K
  class space    used 7500K, committed 8192K, reserved 1048576K
}
Event: 170.217 GC heap after
{Heap after GC invocations=131 (full 3):
 PSYoungGen      total 21504K, used 608K [0x00000000d5580000, 0x00000000d6d80000, 0x0000000100000000)
  eden space 20480K, 0% used [0x00000000d5580000,0x00000000d5580000,0x00000000d6980000)
  from space 1024K, 59% used [0x00000000d6c80000,0x00000000d6d18000,0x00000000d6d80000)
  to   space 1536K, 0% used [0x00000000d6a80000,0x00000000d6a80000,0x00000000d6c00000)
 ParOldGen       total 128000K, used 127509K [0x0000000080000000, 0x0000000087d00000, 0x00000000d5580000)
  object space 128000K, 99% used [0x0000000080000000,0x0000000087c856a0,0x0000000087d00000)
 Metaspace       used 73988K, committed 75712K, reserved 1179648K
  class space    used 7500K, committed 8192K, reserved 1048576K
}

Dll operation events (10 events):
Event: 0.139 Loaded shared library c:\Users\aarulfrancis\.vscode\extensions\redhat.java-1.46.0-win32-x64\jre\21.0.8-win32-x86_64\bin\java.dll
Event: 0.345 Loaded shared library c:\Users\aarulfrancis\.vscode\extensions\redhat.java-1.46.0-win32-x64\jre\21.0.8-win32-x86_64\bin\zip.dll
Event: 0.399 Loaded shared library C:\Users\aarulfrancis\.vscode\extensions\redhat.java-1.46.0-win32-x64\jre\21.0.8-win32-x86_64\bin\instrument.dll
Event: 0.419 Loaded shared library C:\Users\aarulfrancis\.vscode\extensions\redhat.java-1.46.0-win32-x64\jre\21.0.8-win32-x86_64\bin\net.dll
Event: 0.437 Loaded shared library C:\Users\aarulfrancis\.vscode\extensions\redhat.java-1.46.0-win32-x64\jre\21.0.8-win32-x86_64\bin\nio.dll
Event: 0.446 Loaded shared library C:\Users\aarulfrancis\.vscode\extensions\redhat.java-1.46.0-win32-x64\jre\21.0.8-win32-x86_64\bin\zip.dll
Event: 0.486 Loaded shared library C:\Users\aarulfrancis\.vscode\extensions\redhat.java-1.46.0-win32-x64\jre\21.0.8-win32-x86_64\bin\jimage.dll
Event: 0.686 Loaded shared library c:\Users\aarulfrancis\.vscode\extensions\redhat.java-1.46.0-win32-x64\jre\21.0.8-win32-x86_64\bin\verify.dll
Event: 6.668 Loaded shared library C:\Users\aarulfrancis\AppData\Roaming\Code\User\globalStorage\redhat.java\1.46.0\config_win\org.eclipse.equinox.launcher\org.eclipse.equinox.launcher.win32.win32.x86_64_1.2.1400.v20250801-0854\eclipse_11916.dll
Event: 27.110 Loaded shared library C:\Users\aarulfrancis\AppData\Local\Temp\jna--1883248213\jna15336174794634495088.dll

Deoptimization events (20 events):
Event: 342.064 Thread 0x0000024e7ecc6d10 Uncommon trap: trap_request=0xffffffde fr.pc=0x0000024e07cc8dd4 relative=0x0000000000000b14
Event: 342.064 Thread 0x0000024e7ecc6d10 Uncommon trap: reason=class_check action=maybe_recompile pc=0x0000024e07cc8dd4 method=java.io.DataOutputStream.write([BII)V @ 7 c2
Event: 342.064 Thread 0x0000024e7ecc6d10 DEOPT PACKING pc=0x0000024e07cc8dd4 sp=0x000000a25eefee30
Event: 342.064 Thread 0x0000024e7ecc6d10 DEOPT UNPACKING pc=0x0000024e07583aa2 sp=0x000000a25eefed60 mode 2
Event: 342.064 Thread 0x0000024e7ecc6d10 Uncommon trap: trap_request=0xffffffde fr.pc=0x0000024e07ccf920 relative=0x00000000000003e0
Event: 342.064 Thread 0x0000024e7ecc6d10 Uncommon trap: reason=class_check action=maybe_recompile pc=0x0000024e07ccf920 method=java.io.DataOutputStream.writeInt(I)V @ 19 c2
Event: 342.064 Thread 0x0000024e7ecc6d10 DEOPT PACKING pc=0x0000024e07ccf920 sp=0x000000a25eefedb0
Event: 342.064 Thread 0x0000024e7ecc6d10 DEOPT UNPACKING pc=0x0000024e07583aa2 sp=0x000000a25eefed58 mode 2
Event: 342.726 Thread 0x0000024e7ecc6d10 Uncommon trap: trap_request=0xffffffbe fr.pc=0x0000024e082fc288 relative=0x0000000000000888
Event: 342.726 Thread 0x0000024e7ecc6d10 Uncommon trap: reason=profile_predicate action=maybe_recompile pc=0x0000024e082fc288 method=java.io.InputStream.read([BII)I @ 40 c2
Event: 342.726 Thread 0x0000024e7ecc6d10 DEOPT PACKING pc=0x0000024e082fc288 sp=0x000000a25eefeec0
Event: 342.726 Thread 0x0000024e7ecc6d10 DEOPT UNPACKING pc=0x0000024e07583aa2 sp=0x000000a25eefee40 mode 2
Event: 342.726 Thread 0x0000024e7ecc6d10 Uncommon trap: trap_request=0xffffffbe fr.pc=0x0000024e082b0854 relative=0x00000000000005f4
Event: 342.726 Thread 0x0000024e7ecc6d10 Uncommon trap: reason=profile_predicate action=maybe_recompile pc=0x0000024e082b0854 method=java.io.InputStream.read([BII)I @ 37 c2
Event: 342.726 Thread 0x0000024e7ecc6d10 DEOPT PACKING pc=0x0000024e082b0854 sp=0x000000a25eefee90
Event: 342.726 Thread 0x0000024e7ecc6d10 DEOPT UNPACKING pc=0x0000024e07583aa2 sp=0x000000a25eefee50 mode 2
Event: 342.737 Thread 0x0000024e7ecc6d10 Uncommon trap: trap_request=0xffffffc6 fr.pc=0x0000024e0872a6f8 relative=0x0000000000004e18
Event: 342.740 Thread 0x0000024e7ecc6d10 Uncommon trap: reason=bimorphic_or_optimized_type_check action=maybe_recompile pc=0x0000024e0872a6f8 method=java.util.Properties.load0(Ljava/util/Properties$LineReader;)V @ 241 c2
Event: 342.747 Thread 0x0000024e7ecc6d10 DEOPT PACKING pc=0x0000024e0872a6f8 sp=0x000000a25eefeff0
Event: 342.747 Thread 0x0000024e7ecc6d10 DEOPT UNPACKING pc=0x0000024e07583aa2 sp=0x000000a25eeff020 mode 2

Classes loaded (20 events):
Event: 160.448 Loading class java/lang/invoke/MethodHandleImpl$CountingWrapper$1
Event: 160.450 Loading class java/lang/invoke/MethodHandleImpl$CountingWrapper$1 done
Event: 165.621 Loading class jdk/internal/ref/CleanerImpl$InnocuousThreadFactory
Event: 165.623 Loading class jdk/internal/ref/CleanerImpl$InnocuousThreadFactory done
Event: 338.574 Loading class java/util/stream/Nodes$CollectorTask$OfRef
Event: 338.599 Loading class java/util/stream/Nodes$CollectorTask
Event: 338.623 Loading class java/util/stream/Nodes$CollectorTask done
Event: 338.625 Loading class java/util/stream/Nodes$CollectorTask$OfRef done
Event: 338.628 Loading class java/util/function/LongFunction
Event: 338.631 Loading class java/util/function/LongFunction done
Event: 338.667 Loading class java/util/stream/Nodes$ConcNode
Event: 338.687 Loading class java/util/stream/Nodes$AbstractConcNode
Event: 338.704 Loading class java/util/stream/Nodes$AbstractConcNode done
Event: 338.704 Loading class java/util/stream/Nodes$ConcNode done
Event: 339.952 Loading class java/io/ObjectOutputStream$BlockDataOutputStream
Event: 339.975 Loading class java/io/ObjectOutputStream$BlockDataOutputStream done
Event: 339.976 Loading class java/io/ObjectOutputStream$HandleTable
Event: 339.984 Loading class java/io/ObjectOutputStream$HandleTable done
Event: 339.988 Loading class java/io/ObjectOutputStream$ReplaceTable
Event: 339.996 Loading class java/io/ObjectOutputStream$ReplaceTable done

Classes unloaded (8 events):
Event: 34.827 Thread 0x0000024e70729950 Unloading class 0x0000024e101ad400 'java/lang/invoke/LambdaForm$MH+0x0000024e101ad400'
Event: 34.827 Thread 0x0000024e70729950 Unloading class 0x0000024e101ad000 'java/lang/invoke/LambdaForm$MH+0x0000024e101ad000'
Event: 34.827 Thread 0x0000024e70729950 Unloading class 0x0000024e101acc00 'java/lang/invoke/LambdaForm$MH+0x0000024e101acc00'
Event: 34.827 Thread 0x0000024e70729950 Unloading class 0x0000024e101ac800 'java/lang/invoke/LambdaForm$MH+0x0000024e101ac800'
Event: 34.827 Thread 0x0000024e70729950 Unloading class 0x0000024e101ac400 'java/lang/invoke/LambdaForm$BMH+0x0000024e101ac400'
Event: 34.827 Thread 0x0000024e70729950 Unloading class 0x0000024e101ac000 'java/lang/invoke/LambdaForm$DMH+0x0000024e101ac000'
Event: 34.827 Thread 0x0000024e70729950 Unloading class 0x0000024e101aac00 'java/lang/invoke/LambdaForm$DMH+0x0000024e101aac00'
Event: 96.196 Thread 0x0000024e70729950 Unloading class 0x0000024e1066c800 'java/lang/invoke/LambdaForm$MH+0x0000024e1066c800'

Classes redefined (0 events):
No events

Internal exceptions (20 events):
Event: 166.627 Thread 0x0000024e516b1fa0 Exception <a 'sun/nio/fs/WindowsException'{0x00000000d5c9ddf0}> (0x00000000d5c9ddf0) 
thrown [s\src\hotspot\share\prims\jni.cpp, line 520]
Event: 166.627 Thread 0x0000024e516b1fa0 Exception <a 'sun/nio/fs/WindowsException'{0x00000000d5cad178}> (0x00000000d5cad178) 
thrown [s\src\hotspot\share\prims\jni.cpp, line 520]
Event: 166.628 Thread 0x0000024e516b1fa0 Exception <a 'sun/nio/fs/WindowsException'{0x00000000d5cadcc8}> (0x00000000d5cadcc8) 
thrown [s\src\hotspot\share\prims\jni.cpp, line 520]
Event: 166.638 Thread 0x0000024e516b1fa0 Exception <a 'sun/nio/fs/WindowsException'{0x00000000d5d31920}> (0x00000000d5d31920) 
thrown [s\src\hotspot\share\prims\jni.cpp, line 520]
Event: 166.641 Thread 0x0000024e516b1fa0 Exception <a 'sun/nio/fs/WindowsException'{0x00000000d5d32470}> (0x00000000d5d32470) 
thrown [s\src\hotspot\share\prims\jni.cpp, line 520]
Event: 166.642 Thread 0x0000024e516b1fa0 Exception <a 'sun/nio/fs/WindowsException'{0x00000000d5d54d88}> (0x00000000d5d54d88) 
thrown [s\src\hotspot\share\prims\jni.cpp, line 520]
Event: 166.643 Thread 0x0000024e516b1fa0 Exception <a 'sun/nio/fs/WindowsException'{0x00000000d5d55678}> (0x00000000d5d55678) 
thrown [s\src\hotspot\share\prims\jni.cpp, line 520]
Event: 166.644 Thread 0x0000024e516b1fa0 Exception <a 'sun/nio/fs/WindowsException'{0x00000000d5d56a78}> (0x00000000d5d56a78) 
thrown [s\src\hotspot\share\prims\jni.cpp, line 520]
Event: 166.645 Thread 0x0000024e516b1fa0 Exception <a 'sun/nio/fs/WindowsException'{0x00000000d5d575c8}> (0x00000000d5d575c8) 
thrown [s\src\hotspot\share\prims\jni.cpp, line 520]
Event: 166.647 Thread 0x0000024e516b1fa0 Exception <a 'sun/nio/fs/WindowsException'{0x00000000d5d5e858}> (0x00000000d5d5e858) 
thrown [s\src\hotspot\share\prims\jni.cpp, line 520]
Event: 166.647 Thread 0x0000024e516b1fa0 Exception <a 'sun/nio/fs/WindowsException'{0x00000000d5d5f3a8}> (0x00000000d5d5f3a8) 
thrown [s\src\hotspot\share\prims\jni.cpp, line 520]
Event: 166.648 Thread 0x0000024e516b1fa0 Exception <a 'sun/nio/fs/WindowsException'{0x00000000d5d607a8}> (0x00000000d5d607a8) 
thrown [s\src\hotspot\share\prims\jni.cpp, line 520]
Event: 166.648 Thread 0x0000024e516b1fa0 Exception <a 'sun/nio/fs/WindowsException'{0x00000000d5e0b2e8}> (0x00000000d5e0b2e8) 
thrown [s\src\hotspot\share\prims\jni.cpp, line 520]
Event: 167.572 Thread 0x0000024e516af1b0 Exception <a 'java/lang/NoSuchMethodError'{0x00000000d5e0eb68}: 'java.lang.Object java.lang.invoke.DirectMethodHandle$Holder.newInvokeSpecial(java.lang.Object, java.lang.Object, int, java.lang.Object, java.lang.Object, java.lang.Object, java.lang.Object)'> (0x00000000d5e0eb68) 
thrown [s\src\hotspot\share\interpreter\linkResolver.cpp, line 773]
Event: 167.574 Thread 0x0000024e516af1b0 Exception <a 'java/lang/NoSuchMethodError'{0x00000000d5e1f6e8}: 'java.lang.Object java.lang.invoke.Invokers$Holder.linkToTargetMethod(java.lang.Object, int, java.lang.Object, java.lang.Object, java.lang.Object, java.lang.Object, java.lang.Object)'> (0x00000000d5e1f6e8) 
thrown [s\src\hotspot\share\interpreter\linkResolver.cpp, line 773]
Event: 339.489 Thread 0x0000024e7ecc6d10 Exception <a 'sun/nio/fs/WindowsException'{0x00000000d57d6770}> (0x00000000d57d6770) 
thrown [s\src\hotspot\share\prims\jni.cpp, line 520]
Event: 339.497 Thread 0x0000024e7ecc6d10 Exception <a 'sun/nio/fs/WindowsException'{0x00000000d57d72c0}> (0x00000000d57d72c0) 
thrown [s\src\hotspot\share\prims\jni.cpp, line 520]
Event: 339.580 Thread 0x0000024e7ecc6d10 Implicit null exception at 0x0000024e086c4709 to 0x0000024e086c4a6c
Event: 340.658 Thread 0x0000024e7ecc6d10 Exception <a 'java/lang/NoSuchMethodError'{0x00000000d585f040}: static [J.<clinit>()V> (0x00000000d585f040) 
thrown [s\src\hotspot\share\prims\jni.cpp, line 1111]
Event: 342.239 Thread 0x0000024e7ecc6d10 Exception <a 'java/lang/NoSuchMethodError'{0x00000000d5893488}: 'java.lang.Object java.lang.invoke.DirectMethodHandle$Holder.newInvokeSpecial(java.lang.Object, java.lang.Object, java.lang.Object, java.lang.Object, java.lang.Object, java.lang.Object, java.lang.Object, java.lang.Object)'> (0x00000000d5893488) 
thrown [s\src\hotspot\share\interpreter\linkResolver.cpp, line 773]

ZGC Phase Switch (0 events):
No events

VM Operations (20 events):
Event: 341.996 Executing VM operation: HandshakeAllThreads (Deoptimize)
Event: 342.006 Executing VM operation: HandshakeAllThreads (Deoptimize) done
Event: 342.449 Executing VM operation: HandshakeAllThreads (Deoptimize)
Event: 342.450 Executing VM operation: HandshakeAllThreads (Deoptimize) done
Event: 343.458 Executing VM operation: Cleanup
Event: 343.460 Executing VM operation: Cleanup done
Event: 352.564 Executing VM operation: Cleanup
Event: 352.564 Executing VM operation: Cleanup done
Event: 361.174 Executing VM operation: HandshakeAllThreads (HandshakeForDeflation)
Event: 361.174 Executing VM operation: HandshakeAllThreads (HandshakeForDeflation) done
Event: 361.174 Executing VM operation: RendezvousGCThreads
Event: 361.174 Executing VM operation: RendezvousGCThreads done
Event: 372.291 Executing VM operation: Cleanup
Event: 372.293 Executing VM operation: Cleanup done
Event: 416.802 Executing VM operation: Cleanup
Event: 416.806 Executing VM operation: Cleanup done
Event: 421.238 Executing VM operation: HandshakeAllThreads (HandshakeForDeflation)
Event: 421.239 Executing VM operation: HandshakeAllThreads (HandshakeForDeflation) done
Event: 421.243 Executing VM operation: RendezvousGCThreads
Event: 421.243 Executing VM operation: RendezvousGCThreads done

Memory protections (0 events):
No events

Nmethod flushes (20 events):
Event: 96.863 Thread 0x0000024e70729950 flushing  nmethod 0x0000024e00999410
Event: 96.863 Thread 0x0000024e70729950 flushing  nmethod 0x0000024e00999b90
Event: 96.863 Thread 0x0000024e70729950 flushing  nmethod 0x0000024e0099ae90
Event: 96.863 Thread 0x0000024e70729950 flushing  nmethod 0x0000024e0099e010
Event: 96.863 Thread 0x0000024e70729950 flushing  nmethod 0x0000024e0099e990
Event: 96.863 Thread 0x0000024e70729950 flushing  nmethod 0x0000024e009a0c10
Event: 96.863 Thread 0x0000024e70729950 flushing  nmethod 0x0000024e009a8a90
Event: 96.863 Thread 0x0000024e70729950 flushing  nmethod 0x0000024e009aa610
Event: 96.863 Thread 0x0000024e70729950 flushing  nmethod 0x0000024e009ab410
Event: 96.863 Thread 0x0000024e70729950 flushing  nmethod 0x0000024e009abb10
Event: 96.863 Thread 0x0000024e70729950 flushing  nmethod 0x0000024e009ac310
Event: 96.863 Thread 0x0000024e70729950 flushing  nmethod 0x0000024e009ac910
Event: 96.863 Thread 0x0000024e70729950 flushing  nmethod 0x0000024e009ad190
Event: 96.863 Thread 0x0000024e70729950 flushing  nmethod 0x0000024e009b4410
Event: 96.863 Thread 0x0000024e70729950 flushing  nmethod 0x0000024e009b5d10
Event: 96.863 Thread 0x0000024e70729950 flushing  nmethod 0x0000024e009bc090
Event: 96.863 Thread 0x0000024e70729950 flushing osr nmethod 0x0000024e009c1490
Event: 96.863 Thread 0x0000024e70729950 flushing osr nmethod 0x0000024e009c8110
Event: 96.863 Thread 0x0000024e70729950 flushing  nmethod 0x0000024e009dfe10
Event: 96.863 Thread 0x0000024e70729950 flushing  nmethod 0x0000024e009e3610

Events (20 events):
Event: 343.009 Thread 0x0000024e7ecc6d10 Thread added: 0x0000024e516af1b0
Event: 350.761 Thread 0x0000024e516b2cc0 Thread exited: 0x0000024e516b2cc0
Event: 392.534 Thread 0x0000024e7ef5b6b0 Thread exited: 0x0000024e7ef5b6b0
Event: 395.992 Thread 0x0000024e5161a280 Thread exited: 0x0000024e5161a280
Event: 396.005 Thread 0x0000024e7ef58230 Thread exited: 0x0000024e7ef58230
Event: 396.005 Thread 0x0000024e5161b630 Thread exited: 0x0000024e5161b630
Event: 396.021 Thread 0x0000024e7ef57ba0 Thread exited: 0x0000024e7ef57ba0
Event: 396.041 Thread 0x0000024e7ef588c0 Thread exited: 0x0000024e7ef588c0
Event: 402.525 Thread 0x0000024e7ef595e0 Thread exited: 0x0000024e7ef595e0
Event: 402.610 Thread 0x0000024e7ef56e80 Thread exited: 0x0000024e7ef56e80
Event: 402.769 Thread 0x0000024e7ef567f0 Thread exited: 0x0000024e7ef567f0
Event: 402.802 Thread 0x0000024e7ef56160 Thread exited: 0x0000024e7ef56160
Event: 402.810 Thread 0x0000024e7ef59c70 Thread exited: 0x0000024e7ef59c70
Event: 402.811 Thread 0x0000024e7ef5b020 Thread exited: 0x0000024e7ef5b020
Event: 403.438 Thread 0x0000024e7ecc6d10 Thread exited: 0x0000024e7ecc6d10
Event: 410.884 Thread 0x0000024e516b2630 Thread exited: 0x0000024e516b2630
Event: 416.626 Thread 0x0000024e7ef57510 Thread exited: 0x0000024e7ef57510
Event: 452.593 Thread 0x0000024e51619560 Thread exited: 0x0000024e51619560
Event: 470.903 Thread 0x0000024e516af840 Thread exited: 0x0000024e516af840
Event: 513.236 Thread 0x0000024e51615a50 Thread exited: 0x0000024e51615a50


Dynamic libraries:
0x00007ff7281b0000 - 0x00007ff7281be000 	c:\Users\aarulfrancis\.vscode\extensions\redhat.java-1.46.0-win32-x64\jre\21.0.8-win32-x86_64\bin\java.exe
0x00007ffcce1c0000 - 0x00007ffcce429000 	C:\WINDOWS\SYSTEM32\ntdll.dll
0x00007ffccc560000 - 0x00007ffccc629000 	C:\WINDOWS\System32\KERNEL32.DLL
0x00007ffccb7a0000 - 0x00007ffccbb93000 	C:\WINDOWS\System32\KERNELBASE.dll
0x00007ffcb8710000 - 0x00007ffcb8728000 	c:\Users\aarulfrancis\.vscode\extensions\redhat.java-1.46.0-win32-x64\jre\21.0.8-win32-x86_64\bin\jli.dll
0x00007ffcb8b30000 - 0x00007ffcb8b4e000 	c:\Users\aarulfrancis\.vscode\extensions\redhat.java-1.46.0-win32-x64\jre\21.0.8-win32-x86_64\bin\VCRUNTIME140.dll
0x00007ffccbf90000 - 0x00007ffccc154000 	C:\WINDOWS\System32\USER32.dll
0x00007ffccb350000 - 0x00007ffccb49b000 	C:\WINDOWS\System32\ucrtbase.dll
0x00007ffccb770000 - 0x00007ffccb797000 	C:\WINDOWS\System32\win32u.dll
0x00007ffccc330000 - 0x00007ffccc35b000 	C:\WINDOWS\System32\GDI32.dll
0x00007ffccbdb0000 - 0x00007ffccbedd000 	C:\WINDOWS\System32\gdi32full.dll
0x00007ffccbee0000 - 0x00007ffccbf83000 	C:\WINDOWS\System32\msvcp_win.dll
0x00007ffcae630000 - 0x00007ffcae8c3000 	C:\WINDOWS\WinSxS\amd64_microsoft.windows.common-controls_6595b64144ccf1df_6.0.26100.5074_none_3e0d6f78e32fd63f\COMCTL32.dll
0x00007ffcccee0000 - 0x00007ffcccf89000 	C:\WINDOWS\System32\msvcrt.dll
0x00007ffccc260000 - 0x00007ffccc28f000 	C:\WINDOWS\System32\IMM32.DLL
0x0000024e6e630000 - 0x0000024e6e646000 	C:\WINDOWS\System32\umppc19909.dll
0x0000024e6fc20000 - 0x0000024e6fc33000 	C:\WINDOWS\System32\CsXumd64_19909.dll
0x00007ffcbccf0000 - 0x00007ffcbccfc000 	c:\Users\aarulfrancis\.vscode\extensions\redhat.java-1.46.0-win32-x64\jre\21.0.8-win32-x86_64\bin\vcruntime140_1.dll
0x00007ffca1a40000 - 0x00007ffca1acd000 	c:\Users\aarulfrancis\.vscode\extensions\redhat.java-1.46.0-win32-x64\jre\21.0.8-win32-x86_64\bin\msvcp140.dll
0x00007ffc56360000 - 0x00007ffc570f7000 	c:\Users\aarulfrancis\.vscode\extensions\redhat.java-1.46.0-win32-x64\jre\21.0.8-win32-x86_64\bin\server\jvm.dll
0x00007ffccdfa0000 - 0x00007ffcce054000 	C:\WINDOWS\System32\ADVAPI32.dll
0x00007ffcccfa0000 - 0x00007ffccd046000 	C:\WINDOWS\System32\sechost.dll
0x00007ffcce060000 - 0x00007ffcce178000 	C:\WINDOWS\System32\RPCRT4.dll
0x00007ffccdf20000 - 0x00007ffccdf94000 	C:\WINDOWS\System32\WS2_32.dll
0x00007ffccb1b0000 - 0x00007ffccb20e000 	C:\WINDOWS\SYSTEM32\POWRPROF.dll
0x00007ffcc4970000 - 0x00007ffcc49a5000 	C:\WINDOWS\SYSTEM32\WINMM.dll
0x00007ffcb9f10000 - 0x00007ffcb9f1b000 	C:\WINDOWS\SYSTEM32\VERSION.dll
0x00007ffccb190000 - 0x00007ffccb1a4000 	C:\WINDOWS\SYSTEM32\UMPDC.dll
0x00007ffcc9fc0000 - 0x00007ffcc9fdb000 	C:\WINDOWS\SYSTEM32\kernel.appcore.dll
0x00007ffcbccd0000 - 0x00007ffcbccda000 	c:\Users\aarulfrancis\.vscode\extensions\redhat.java-1.46.0-win32-x64\jre\21.0.8-win32-x86_64\bin\jimage.dll
0x00007ffcc5690000 - 0x00007ffcc58d2000 	C:\WINDOWS\SYSTEM32\DBGHELP.DLL
0x00007ffccdaa0000 - 0x00007ffccde1b000 	C:\WINDOWS\System32\combase.dll
0x00007ffccc360000 - 0x00007ffccc437000 	C:\WINDOWS\System32\OLEAUT32.dll
0x00007ffcc4920000 - 0x00007ffcc495d000 	C:\WINDOWS\SYSTEM32\dbgcore.DLL
0x00007ffccbba0000 - 0x00007ffccbc39000 	C:\WINDOWS\System32\bcryptPrimitives.dll
0x00007ffcbbf70000 - 0x00007ffcbbf7f000 	c:\Users\aarulfrancis\.vscode\extensions\redhat.java-1.46.0-win32-x64\jre\21.0.8-win32-x86_64\bin\instrument.dll
0x00007ffcb73d0000 - 0x00007ffcb73ef000 	c:\Users\aarulfrancis\.vscode\extensions\redhat.java-1.46.0-win32-x64\jre\21.0.8-win32-x86_64\bin\java.dll
0x00007ffccd350000 - 0x00007ffccda9d000 	C:\WINDOWS\System32\SHELL32.dll
0x00007ffccbc40000 - 0x00007ffccbdac000 	C:\WINDOWS\System32\wintypes.dll
0x00007ffcc8ae0000 - 0x00007ffcc9339000 	C:\WINDOWS\SYSTEM32\windows.storage.dll
0x00007ffccde20000 - 0x00007ffccdf10000 	C:\WINDOWS\System32\SHCORE.dll
0x00007ffccc1d0000 - 0x00007ffccc232000 	C:\WINDOWS\System32\shlwapi.dll
0x00007ffccb270000 - 0x00007ffccb299000 	C:\WINDOWS\SYSTEM32\profapi.dll
0x00007ffcb5140000 - 0x00007ffcb5158000 	c:\Users\aarulfrancis\.vscode\extensions\redhat.java-1.46.0-win32-x64\jre\21.0.8-win32-x86_64\bin\zip.dll
0x00007ffcbbd30000 - 0x00007ffcbbd40000 	C:\Users\aarulfrancis\.vscode\extensions\redhat.java-1.46.0-win32-x64\jre\21.0.8-win32-x86_64\bin\net.dll
0x00007ffcc9fe0000 - 0x00007ffcca0ff000 	C:\WINDOWS\SYSTEM32\WINHTTP.dll
0x00007ffcca650000 - 0x00007ffcca6bb000 	C:\WINDOWS\system32\mswsock.dll
0x00007ffcb7140000 - 0x00007ffcb7156000 	C:\Users\aarulfrancis\.vscode\extensions\redhat.java-1.46.0-win32-x64\jre\21.0.8-win32-x86_64\bin\nio.dll
0x00007ffcbbc70000 - 0x00007ffcbbc80000 	c:\Users\aarulfrancis\.vscode\extensions\redhat.java-1.46.0-win32-x64\jre\21.0.8-win32-x86_64\bin\verify.dll
0x00007ffca76c0000 - 0x00007ffca7704000 	C:\Users\aarulfrancis\AppData\Roaming\Code\User\globalStorage\redhat.java\1.46.0\config_win\org.eclipse.equinox.launcher\org.eclipse.equinox.launcher.win32.win32.x86_64_1.2.1400.v20250801-0854\eclipse_11916.dll
0x00007ffccd1b0000 - 0x00007ffccd348000 	C:\WINDOWS\System32\ole32.dll
0x00007ffccaa20000 - 0x00007ffccaa3b000 	C:\WINDOWS\SYSTEM32\CRYPTSP.dll
0x00007ffcc9f20000 - 0x00007ffcc9f5b000 	C:\WINDOWS\system32\rsaenh.dll
0x00007ffcca6f0000 - 0x00007ffcca71b000 	C:\WINDOWS\SYSTEM32\USERENV.dll
0x00007ffccb240000 - 0x00007ffccb266000 	C:\WINDOWS\SYSTEM32\bcrypt.dll
0x00007ffccaa00000 - 0x00007ffccaa0c000 	C:\WINDOWS\SYSTEM32\CRYPTBASE.dll
0x00007ffcc9860000 - 0x00007ffcc9894000 	C:\WINDOWS\SYSTEM32\IPHLPAPI.DLL
0x00007ffccc540000 - 0x00007ffccc54a000 	C:\WINDOWS\System32\NSI.dll
0x00007ffca7610000 - 0x00007ffca7659000 	C:\Users\aarulfrancis\AppData\Local\Temp\jna--1883248213\jna15336174794634495088.dll
0x00007ffccc160000 - 0x00007ffccc168000 	C:\WINDOWS\System32\PSAPI.DLL
0x00007ffcc01b0000 - 0x00007ffcc01ce000 	C:\WINDOWS\SYSTEM32\dhcpcsvc6.DLL
0x00007ffcbd340000 - 0x00007ffcbd363000 	C:\WINDOWS\SYSTEM32\dhcpcsvc.DLL
0x00007ffcca210000 - 0x00007ffcca246000 	C:\WINDOWS\SYSTEM32\ntmarta.dll

JVMTI agents:
c:\Users\aarulfrancis\.vscode\extensions\redhat.java-1.46.0-win32-x64\lombok\lombok-1.18.39-4050.jar path:c:\Users\aarulfrancis\.vscode\extensions\redhat.java-1.46.0-win32-x64\jre\21.0.8-win32-x86_64\bin\instrument.dll, loaded, initialized, instrumentlib options:none

dbghelp: loaded successfully - version: 4.0.5 - missing functions: none
symbol engine: initialized successfully - sym options: 0x614 - pdb path: .;c:\Users\aarulfrancis\.vscode\extensions\redhat.java-1.46.0-win32-x64\jre\21.0.8-win32-x86_64\bin;C:\WINDOWS\SYSTEM32;C:\WINDOWS\WinSxS\amd64_microsoft.windows.common-controls_6595b64144ccf1df_6.0.26100.5074_none_3e0d6f78e32fd63f;c:\Users\aarulfrancis\.vscode\extensions\redhat.java-1.46.0-win32-x64\jre\21.0.8-win32-x86_64\bin\server;C:\Users\aarulfrancis\AppData\Roaming\Code\User\globalStorage\redhat.java\1.46.0\config_win\org.eclipse.equinox.launcher\org.eclipse.equinox.launcher.win32.win32.x86_64_1.2.1400.v20250801-0854;C:\Users\aarulfrancis\AppData\Local\Temp\jna--1883248213

VM Arguments:
jvm_args: --add-modules=ALL-SYSTEM --add-opens=java.base/java.util=ALL-UNNAMED --add-opens=java.base/java.lang=ALL-UNNAMED --add-opens=java.base/sun.nio.fs=ALL-UNNAMED -Declipse.application=org.eclipse.jdt.ls.core.id1 -Dosgi.bundles.defaultStartLevel=4 -Declipse.product=org.eclipse.jdt.ls.core.product -Djava.import.generatesMetadataFilesAtProjectRoot=false -DDetectVMInstallationsJob.disabled=true -Dfile.encoding=utf8 -XX:+UseParallelGC -XX:GCTimeRatio=4 -XX:AdaptiveSizePolicyWeight=90 -Dsun.zip.disableMemoryMapping=true -Xmx2G -Xms100m -Xlog:disable -javaagent:c:\Users\aarulfrancis\.vscode\extensions\redhat.java-1.46.0-win32-x64\lombok\lombok-1.18.39-4050.jar -XX:+HeapDumpOnOutOfMemoryError -XX:HeapDumpPath=c:\Users\aarulfrancis\AppData\Roaming\Code\User\workspaceStorage\8e589d8f512fbb4dfdcabd7b079d84dd\redhat.java -Daether.dependencyCollector.impl=bf 
java_command: c:\Users\aarulfrancis\.vscode\extensions\redhat.java-1.46.0-win32-x64\server\plugins\org.eclipse.equinox.launcher_1.7.0.v20250519-0528.jar -configuration c:\Users\aarulfrancis\AppData\Roaming\Code\User\globalStorage\redhat.java\1.46.0\config_win -data c:\Users\aarulfrancis\AppData\Roaming\Code\User\workspaceStorage\8e589d8f512fbb4dfdcabd7b079d84dd\redhat.java\jdt_ws --pipe=\\.\pipe\lsp-4788779772904d075cf87cdf57e5e84b-sock
java_class_path (initial): c:\Users\aarulfrancis\.vscode\extensions\redhat.java-1.46.0-win32-x64\server\plugins\org.eclipse.equinox.launcher_1.7.0.v20250519-0528.jar
Launcher Type: SUN_STANDARD

[Global flags]
    uintx AdaptiveSizePolicyWeight                 = 90                                        {product} {command line}
     intx CICompilerCount                          = 4                                         {product} {ergonomic}
    uintx GCTimeRatio                              = 4                                         {product} {command line}
     bool HeapDumpOnOutOfMemoryError               = true                                   {manageable} {command line}
    ccstr HeapDumpPath                             = c:\Users\aarulfrancis\AppData\Roaming\Code\User\workspaceStorage\8e589d8f512fbb4dfdcabd7b079d84dd\redhat.java         {manageable} {command line}
   size_t InitialHeapSize                          = 104857600                                 {product} {command line}
   size_t MaxHeapSize                              = 2147483648                                {product} {command line}
   size_t MaxNewSize                               = 715653120                                 {product} {ergonomic}
   size_t MinHeapDeltaBytes                        = 524288                                    {product} {ergonomic}
   size_t MinHeapSize                              = 104857600                                 {product} {command line}
   size_t NewSize                                  = 34603008                                  {product} {ergonomic}
    uintx NonNMethodCodeHeapSize                   = 5839372                                {pd product} {ergonomic}
    uintx NonProfiledCodeHeapSize                  = 122909434                              {pd product} {ergonomic}
   size_t OldSize                                  = 70254592                                  {product} {ergonomic}
    uintx ProfiledCodeHeapSize                     = 122909434                              {pd product} {ergonomic}
    uintx ReservedCodeCacheSize                    = 251658240                              {pd product} {ergonomic}
     bool SegmentedCodeCache                       = true                                      {product} {ergonomic}
   size_t SoftMaxHeapSize                          = 2147483648                             {manageable} {ergonomic}
     bool UseCompressedOops                        = true                           {product lp64_product} {ergonomic}
     bool UseLargePagesIndividualAllocation        = false                                  {pd product} {ergonomic}
     bool UseParallelGC                            = true                                      {product} {command line}

Logging:
Log output configuration:
 #0: stdout all=off uptime,level,tags foldmultilines=false
 #1: stderr all=off uptime,level,tags foldmultilines=false

Environment Variables:
JAVA_HOME=C:\Program Files\Java\jdk-24.0.2\bin
PATH=C:\Program Files\Java\jdk-24.0.2\bin;C:\WINDOWS\system32;C:\WINDOWS;C:\WINDOWS\System32\Wbem;C:\WINDOWS\System32\WindowsPowerShell\v1.0\;C:\WINDOWS\System32\OpenSSH\;C:\Program Files (x86)\Microsoft SQL Server\160\DTS\Binn\;C:\Program Files\Git\cmd;C:\Program Files\Microsoft VS Code\bin;C:\Program Files\nodejs\;C:\Users\aarulfrancis\AppData\Local\Microsoft\WindowsApps;C:\Users\aarulfrancis\AppData\Local\Programs\Microsoft VS Code\bin
USERNAME=aarulfrancis
OS=Windows_NT
PROCESSOR_IDENTIFIER=Intel64 Family 6 Model 142 Stepping 12, GenuineIntel
TMP=C:\Users\AARULF~1\AppData\Local\Temp
TEMP=C:\Users\AARULF~1\AppData\Local\Temp




Periodic native trim disabled

---------------  S Y S T E M  ---------------

OS:
 Windows 11 , 64 bit Build 26100 (10.0.26100.5074)
OS uptime: 8 days 6:05 hours
Hyper-V role detected

CPU: total 8 (initial active 8) (4 cores per cpu, 2 threads per core) family 6 model 142 stepping 12 microcode 0xf4, cx8, cmov, fxsr, ht, mmx, 3dnowpref, sse, sse2, sse3, ssse3, sse4.1, sse4.2, popcnt, lzcnt, tsc, tscinvbit, avx, avx2, aes, erms, clmul, bmi1, bmi2, adx, fma, vzeroupper, clflush, clflushopt, hv, rdtscp, f16c
Processor Information for the first 8 processors :
  Max Mhz: 2112, Current Mhz: 1609, Mhz Limit: 1605

Memory: 4k page, system-wide physical 7952M (1M free)
TotalPageFile size 32528M (AvailPageFile size 11M)
current process WorkingSet (physical memory assigned to process): 8M, peak: 275M
current process commit charge ("private bytes"): 473M, peak: 477M

vm_info: OpenJDK 64-Bit Server VM (21.0.8+9-LTS) for windows-amd64 JRE (21.0.8+9-LTS), built on 2025-07-15T00:00:00Z by "admin" with MS VC++ 17.7 (VS2022)

END.
